<?xml version="1.0" encoding="UTF-8"?>
<testsuite xmlns:xsi="http://www.w3.org/2001/XMLSchema-instance" xsi:noNamespaceSchemaLocation="https://maven.apache.org/surefire/maven-surefire-plugin/xsd/surefire-test-report-3.0.xsd" version="3.0" name="testtweet.TestTweetAPIClient" time="4.997" tests="8" errors="0" skipped="0" failures="0">
  <properties>
[...]
</properties>
  <testcase name="testDeleteTweet" classname="testtweet.TestTweetAPIClient" time="1.739"/>
  <testcase name="testRetweetTweet" classname="testtweet.TestTweetAPIClient" time="0.322"/>
  <testcase name="testSearchTweet" classname="testtweet.TestTweetAPIClient" time="0.362"/>
  <testcase name="testShowTweet" classname="testtweet.TestTweetAPIClient" time="0.257"/>
  <testcase name="testUnretweetTweet" classname="testtweet.TestTweetAPIClient" time="0.299"/>
  <testcase name="testUserCanNotTweetTheSameTweetTwiceInARow" classname="testtweet.TestTweetAPIClient" time="1.086"/>
  <testcase name="testUserCanTweetSuccessfully" classname="testtweet.TestTweetAPIClient" time="0.389"/>
  <testcase name="testUserTweet" classname="testtweet.TestTweetAPIClient" time="0.235"/>
</testsuite>