<?xml version="1.0" encoding="UTF-8"?>
<!-- Generated by org.testng.reporters.JUnitXMLReporter -->
<testsuite ignored="0" hostname="Athmanes-MBP.lan1" failures="0" tests="8" name="Surefire test" time="4.729" errors="0" timestamp="2020-07-04T14:57:10 EDT">
  <testcase classname="testtweet.TestTweetAPIClient" name="testDeleteTweet" time="1.738"/>
  <testcase classname="testtweet.TestTweetAPIClient" name="testRetweetTweet" time="0.323"/>
  <testcase classname="testtweet.TestTweetAPIClient" name="testSearchTweet" time="0.362"/>
  <testcase classname="testtweet.TestTweetAPIClient" name="testShowTweet" time="0.257"/>
  <testcase classname="testtweet.TestTweetAPIClient" name="testUnretweetTweet" time="0.298"/>
  <testcase classname="testtweet.TestTweetAPIClient" name="testUserCanNotTweetTheSameTweetTwiceInARow" time="1.086"/>
  <testcase classname="testtweet.TestTweetAPIClient" name="testUserCanTweetSuccessfully" time="0.389"/>
  <testcase classname="testtweet.TestTweetAPIClient" name="testUserTweet" time="0.236"/>
</testsuite> <!-- Surefire test -->
